2021-11-18 20:12:07.994 [main] INFO  com.zgy.handle.gateway.GateWayServiceApplication - No active profile set, falling back to default profiles: default
2021-11-18 20:12:09.151 [main] WARN  o.springframework.boot.actuate.endpoint.EndpointId - Endpoint ID 'nacos-discovery' contains invalid characters, please migrate to a valid format.
2021-11-18 20:12:09.185 [main] WARN  o.springframework.boot.actuate.endpoint.EndpointId - Endpoint ID 'service-registry' contains invalid characters, please migrate to a valid format.
2021-11-18 20:12:09.194 [main] WARN  o.springframework.boot.actuate.endpoint.EndpointId - Endpoint ID 'hystrix.stream' contains invalid characters, please migrate to a valid format.
2021-11-18 20:12:09.335 [main] INFO  o.springframework.cloud.context.scope.GenericScope - BeanFactory id=a9b792fd-caba-385a-8005-c41b9d10e1b7
2021-11-18 20:12:09.433 [main] INFO  o.s.c.s.PostProcessorRegistrationDelegate$BeanPostProcessorChecker - Bean 'com.zgy.handle.gateway.clients.user.UserFeignClient' of type [org.springframework.cloud.openfeign.FeignClientFactoryBean] is not eligible for getting processed by all BeanPostProcessors (for example: not eligible for auto-proxying)
2021-11-18 20:12:09.481 [main] INFO  o.s.c.s.PostProcessorRegistrationDelegate$BeanPostProcessorChecker - Bean 'org.springframework.security.config.annotation.configuration.ObjectPostProcessorConfiguration' of type [org.springframework.security.config.annotation.configuration.ObjectPostProcessorConfiguration] is not eligible for getting processed by all BeanPostProcessors (for example: not eligible for auto-proxying)
2021-11-18 20:12:09.586 [main] INFO  o.s.c.s.PostProcessorRegistrationDelegate$BeanPostProcessorChecker - Bean 'objectPostProcessor' of type [org.springframework.security.config.annotation.configuration.AutowireBeanFactoryObjectPostProcessor] is not eligible for getting processed by all BeanPostProcessors (for example: not eligible for auto-proxying)
2021-11-18 20:12:09.589 [main] INFO  o.s.c.s.PostProcessorRegistrationDelegate$BeanPostProcessorChecker - Bean 'org.springframework.security.access.expression.method.DefaultMethodSecurityExpressionHandler@61b60600' of type [org.springframework.security.access.expression.method.DefaultMethodSecurityExpressionHandler] is not eligible for getting processed by all BeanPostProcessors (for example: not eligible for auto-proxying)
2021-11-18 20:12:09.591 [main] INFO  o.s.c.s.PostProcessorRegistrationDelegate$BeanPostProcessorChecker - Bean 'org.springframework.security.config.annotation.method.configuration.GlobalMethodSecurityConfiguration' of type [org.springframework.security.config.annotation.method.configuration.GlobalMethodSecurityConfiguration] is not eligible for getting processed by all BeanPostProcessors (for example: not eligible for auto-proxying)
2021-11-18 20:12:09.597 [main] INFO  o.s.c.s.PostProcessorRegistrationDelegate$BeanPostProcessorChecker - Bean 'methodSecurityMetadataSource' of type [org.springframework.security.access.method.DelegatingMethodSecurityMetadataSource] is not eligible for getting processed by all BeanPostProcessors (for example: not eligible for auto-proxying)
2021-11-18 20:12:09.940 [main] INFO  o.s.boot.web.embedded.tomcat.TomcatWebServer - Tomcat initialized with port(s): 5555 (http)
2021-11-18 20:12:09.973 [main] INFO  org.apache.catalina.core.StandardService - Starting service [Tomcat]
2021-11-18 20:12:09.973 [main] INFO  org.apache.catalina.core.StandardEngine - Starting Servlet engine: [Apache Tomcat/9.0.29]
2021-11-18 20:12:10.117 [main] INFO  o.a.c.core.ContainerBase.[Tomcat].[localhost].[/] - Initializing Spring embedded WebApplicationContext
2021-11-18 20:12:10.118 [main] INFO  org.springframework.web.context.ContextLoader - Root WebApplicationContext: initialization completed in 2091 ms
2021-11-18 20:12:10.207 [main] WARN  com.netflix.config.sources.URLConfigurationSource - No URLs will be polled as dynamic configuration sources.
2021-11-18 20:12:10.208 [main] INFO  com.netflix.config.sources.URLConfigurationSource - To enable URLs as dynamic configuration sources, define System property archaius.configurationSource.additionalUrls or make config.properties available on classpath.
2021-11-18 20:12:10.230 [main] INFO  com.netflix.config.DynamicPropertyFactory - DynamicPropertyFactory is initialized with configuration sources: com.netflix.config.ConcurrentCompositeConfiguration@714f1a44
2021-11-18 20:12:11.875 [main] INFO  o.s.b.actuate.endpoint.web.EndpointLinksResolver - Exposing 2 endpoint(s) beneath base path '/actuator'
2021-11-18 20:12:12.442 [main] INFO  o.s.security.web.DefaultSecurityFilterChain - Creating filter chain: any request, [org.springframework.security.web.context.request.async.WebAsyncManagerIntegrationFilter@5cba890e, org.springframework.security.web.context.SecurityContextPersistenceFilter@684a802a, org.springframework.security.web.header.HeaderWriterFilter@6032622, org.springframework.security.web.authentication.logout.LogoutFilter@85c3522, com.zgy.handle.gateway.config.security.JwtRequestFilter@20f63ddc, org.springframework.security.web.savedrequest.RequestCacheAwareFilter@69d902f9, org.springframework.security.web.servletapi.SecurityContextHolderAwareRequestFilter@102ecb61, org.springframework.security.web.authentication.AnonymousAuthenticationFilter@3a4cb483, org.springframework.security.web.session.SessionManagementFilter@2de7fe0e, org.springframework.security.web.access.ExceptionTranslationFilter@37ade216, org.springframework.security.web.access.intercept.FilterSecurityInterceptor@3ae91ab3]
2021-11-18 20:12:12.470 [main] INFO  s.d.s.w.PropertySourcedRequestMappingHandlerMapping - Mapped URL path [/v2/api-docs] onto method [springfox.documentation.swagger2.web.Swagger2Controller#getDocumentation(String, HttpServletRequest)]
2021-11-18 20:12:12.514 [main] WARN  com.netflix.config.sources.URLConfigurationSource - No URLs will be polled as dynamic configuration sources.
2021-11-18 20:12:12.515 [main] INFO  com.netflix.config.sources.URLConfigurationSource - To enable URLs as dynamic configuration sources, define System property archaius.configurationSource.additionalUrls or make config.properties available on classpath.
2021-11-18 20:12:12.638 [main] INFO  o.s.scheduling.concurrent.ThreadPoolTaskExecutor - Initializing ExecutorService 'applicationTaskExecutor'
2021-11-18 20:12:12.851 [main] INFO  o.s.scheduling.concurrent.ThreadPoolTaskScheduler - Initializing ExecutorService
2021-11-18 20:12:13.610 [main] INFO  o.s.cloud.netflix.zuul.ZuulFilterInitializer - Starting filter initializer
2021-11-18 20:12:13.713 [main] INFO  s.d.s.web.plugins.DocumentationPluginsBootstrapper - Context refreshed
2021-11-18 20:12:13.741 [main] INFO  s.d.s.web.plugins.DocumentationPluginsBootstrapper - Found 1 custom documentation plugin(s)
2021-11-18 20:12:13.823 [main] INFO  s.d.spring.web.scanners.ApiListingReferenceScanner - Scanning for api listing references
2021-11-18 20:12:14.040 [main] INFO  s.d.s.w.r.operation.CachingOperationNameGenerator - Generating unique operation named: handleUsingGET_1
2021-11-18 20:12:14.042 [main] INFO  s.d.s.w.r.operation.CachingOperationNameGenerator - Generating unique operation named: handleUsingGET_2
2021-11-18 20:12:14.138 [main] INFO  o.s.boot.web.embedded.tomcat.TomcatWebServer - Tomcat started on port(s): 5555 (http) with context path ''
2021-11-18 20:12:14.915 [main] INFO  o.s.c.alibaba.nacos.registry.NacosServiceRegistry - nacos registry, zuulservice 192.168.31.150:5555 register finished
2021-11-18 20:12:14.935 [main] INFO  com.zgy.handle.gateway.GateWayServiceApplication - Started GateWayServiceApplication in 8.84 seconds (JVM running for 10.161)
2021-11-18 20:12:16.357 [RMI TCP Connection(3)-192.168.31.150] INFO  o.a.c.core.ContainerBase.[Tomcat].[localhost].[/] - Initializing Spring DispatcherServlet 'dispatcherServlet'
2021-11-18 20:12:16.359 [RMI TCP Connection(3)-192.168.31.150] INFO  org.springframework.web.servlet.DispatcherServlet - Initializing Servlet 'dispatcherServlet'
2021-11-18 20:12:16.394 [RMI TCP Connection(3)-192.168.31.150] INFO  org.springframework.web.servlet.DispatcherServlet - Completed initialization in 34 ms
2021-11-18 20:14:07.196 [main] INFO  com.zgy.handle.gateway.GateWayServiceApplication - No active profile set, falling back to default profiles: default
2021-11-18 20:14:08.159 [main] WARN  o.springframework.boot.actuate.endpoint.EndpointId - Endpoint ID 'nacos-discovery' contains invalid characters, please migrate to a valid format.
2021-11-18 20:14:08.196 [main] WARN  o.springframework.boot.actuate.endpoint.EndpointId - Endpoint ID 'service-registry' contains invalid characters, please migrate to a valid format.
2021-11-18 20:14:08.208 [main] WARN  o.springframework.boot.actuate.endpoint.EndpointId - Endpoint ID 'hystrix.stream' contains invalid characters, please migrate to a valid format.
2021-11-18 20:14:08.383 [main] INFO  o.springframework.cloud.context.scope.GenericScope - BeanFactory id=a9b792fd-caba-385a-8005-c41b9d10e1b7
2021-11-18 20:14:08.681 [main] INFO  o.s.c.s.PostProcessorRegistrationDelegate$BeanPostProcessorChecker - Bean 'com.zgy.handle.gateway.clients.user.UserFeignClient' of type [org.springframework.cloud.openfeign.FeignClientFactoryBean] is not eligible for getting processed by all BeanPostProcessors (for example: not eligible for auto-proxying)
2021-11-18 20:14:08.778 [main] INFO  o.s.c.s.PostProcessorRegistrationDelegate$BeanPostProcessorChecker - Bean 'org.springframework.security.config.annotation.configuration.ObjectPostProcessorConfiguration' of type [org.springframework.security.config.annotation.configuration.ObjectPostProcessorConfiguration] is not eligible for getting processed by all BeanPostProcessors (for example: not eligible for auto-proxying)
2021-11-18 20:14:08.873 [main] INFO  o.s.c.s.PostProcessorRegistrationDelegate$BeanPostProcessorChecker - Bean 'objectPostProcessor' of type [org.springframework.security.config.annotation.configuration.AutowireBeanFactoryObjectPostProcessor] is not eligible for getting processed by all BeanPostProcessors (for example: not eligible for auto-proxying)
2021-11-18 20:14:08.876 [main] INFO  o.s.c.s.PostProcessorRegistrationDelegate$BeanPostProcessorChecker - Bean 'org.springframework.security.access.expression.method.DefaultMethodSecurityExpressionHandler@c14e5a5' of type [org.springframework.security.access.expression.method.DefaultMethodSecurityExpressionHandler] is not eligible for getting processed by all BeanPostProcessors (for example: not eligible for auto-proxying)
2021-11-18 20:14:08.880 [main] INFO  o.s.c.s.PostProcessorRegistrationDelegate$BeanPostProcessorChecker - Bean 'org.springframework.security.config.annotation.method.configuration.GlobalMethodSecurityConfiguration' of type [org.springframework.security.config.annotation.method.configuration.GlobalMethodSecurityConfiguration] is not eligible for getting processed by all BeanPostProcessors (for example: not eligible for auto-proxying)
2021-11-18 20:14:08.888 [main] INFO  o.s.c.s.PostProcessorRegistrationDelegate$BeanPostProcessorChecker - Bean 'methodSecurityMetadataSource' of type [org.springframework.security.access.method.DelegatingMethodSecurityMetadataSource] is not eligible for getting processed by all BeanPostProcessors (for example: not eligible for auto-proxying)
2021-11-18 20:14:09.217 [main] INFO  o.s.boot.web.embedded.tomcat.TomcatWebServer - Tomcat initialized with port(s): 5555 (http)
2021-11-18 20:14:09.229 [main] INFO  org.apache.catalina.core.StandardService - Starting service [Tomcat]
2021-11-18 20:14:09.229 [main] INFO  org.apache.catalina.core.StandardEngine - Starting Servlet engine: [Apache Tomcat/9.0.29]
2021-11-18 20:14:09.390 [main] INFO  o.a.c.core.ContainerBase.[Tomcat].[localhost].[/] - Initializing Spring embedded WebApplicationContext
2021-11-18 20:14:09.390 [main] INFO  org.springframework.web.context.ContextLoader - Root WebApplicationContext: initialization completed in 2171 ms
2021-11-18 20:14:09.499 [main] WARN  com.netflix.config.sources.URLConfigurationSource - No URLs will be polled as dynamic configuration sources.
2021-11-18 20:14:09.500 [main] INFO  com.netflix.config.sources.URLConfigurationSource - To enable URLs as dynamic configuration sources, define System property archaius.configurationSource.additionalUrls or make config.properties available on classpath.
2021-11-18 20:14:09.508 [main] INFO  com.netflix.config.DynamicPropertyFactory - DynamicPropertyFactory is initialized with configuration sources: com.netflix.config.ConcurrentCompositeConfiguration@4bdb04c8
2021-11-18 20:14:11.365 [main] INFO  o.s.b.actuate.endpoint.web.EndpointLinksResolver - Exposing 2 endpoint(s) beneath base path '/actuator'
2021-11-18 20:14:11.518 [main] INFO  o.s.security.web.DefaultSecurityFilterChain - Creating filter chain: any request, [org.springframework.security.web.context.request.async.WebAsyncManagerIntegrationFilter@37083af6, org.springframework.security.web.context.SecurityContextPersistenceFilter@5c60f096, org.springframework.security.web.header.HeaderWriterFilter@bea283b, org.springframework.security.web.authentication.logout.LogoutFilter@147059f8, com.zgy.handle.gateway.config.security.JwtRequestFilter@3f64d943, org.springframework.security.web.savedrequest.RequestCacheAwareFilter@53fc870f, org.springframework.security.web.servletapi.SecurityContextHolderAwareRequestFilter@33e8694b, org.springframework.security.web.authentication.AnonymousAuthenticationFilter@55e4dd68, org.springframework.security.web.session.SessionManagementFilter@75063bd0, org.springframework.security.web.access.ExceptionTranslationFilter@f6bc75c, org.springframework.security.web.access.intercept.FilterSecurityInterceptor@7112fa5]
2021-11-18 20:14:11.545 [main] INFO  s.d.s.w.PropertySourcedRequestMappingHandlerMapping - Mapped URL path [/v2/api-docs] onto method [springfox.documentation.swagger2.web.Swagger2Controller#getDocumentation(String, HttpServletRequest)]
2021-11-18 20:14:11.578 [main] WARN  com.netflix.config.sources.URLConfigurationSource - No URLs will be polled as dynamic configuration sources.
2021-11-18 20:14:11.578 [main] INFO  com.netflix.config.sources.URLConfigurationSource - To enable URLs as dynamic configuration sources, define System property archaius.configurationSource.additionalUrls or make config.properties available on classpath.
2021-11-18 20:14:11.685 [main] INFO  o.s.scheduling.concurrent.ThreadPoolTaskExecutor - Initializing ExecutorService 'applicationTaskExecutor'
2021-11-18 20:14:11.858 [main] INFO  o.s.scheduling.concurrent.ThreadPoolTaskScheduler - Initializing ExecutorService
2021-11-18 20:14:12.328 [main] INFO  o.s.cloud.netflix.zuul.ZuulFilterInitializer - Starting filter initializer
2021-11-18 20:14:12.393 [main] INFO  s.d.s.web.plugins.DocumentationPluginsBootstrapper - Context refreshed
2021-11-18 20:14:12.410 [main] INFO  s.d.s.web.plugins.DocumentationPluginsBootstrapper - Found 1 custom documentation plugin(s)
2021-11-18 20:14:12.439 [main] INFO  s.d.spring.web.scanners.ApiListingReferenceScanner - Scanning for api listing references
2021-11-18 20:14:12.624 [main] INFO  s.d.s.w.r.operation.CachingOperationNameGenerator - Generating unique operation named: handleUsingGET_1
2021-11-18 20:14:12.626 [main] INFO  s.d.s.w.r.operation.CachingOperationNameGenerator - Generating unique operation named: handleUsingGET_2
2021-11-18 20:14:12.694 [main] INFO  o.s.boot.web.embedded.tomcat.TomcatWebServer - Tomcat started on port(s): 5555 (http) with context path ''
2021-11-18 20:14:12.994 [main] INFO  o.s.c.alibaba.nacos.registry.NacosServiceRegistry - nacos registry, zuulservice 192.168.31.150:5555 register finished
2021-11-18 20:14:13.007 [main] INFO  com.zgy.handle.gateway.GateWayServiceApplication - Started GateWayServiceApplication in 7.515 seconds (JVM running for 9.647)
2021-11-18 20:14:13.840 [RMI TCP Connection(5)-192.168.31.150] INFO  o.a.c.core.ContainerBase.[Tomcat].[localhost].[/] - Initializing Spring DispatcherServlet 'dispatcherServlet'
2021-11-18 20:14:13.841 [RMI TCP Connection(5)-192.168.31.150] INFO  org.springframework.web.servlet.DispatcherServlet - Initializing Servlet 'dispatcherServlet'
2021-11-18 20:14:13.848 [RMI TCP Connection(5)-192.168.31.150] INFO  org.springframework.web.servlet.DispatcherServlet - Completed initialization in 7 ms
2021-11-18 20:19:38.616 [SpringContextShutdownHook] INFO  o.s.cloud.netflix.zuul.ZuulFilterInitializer - Stopping filter initializer
2021-11-18 20:19:38.997 [SpringContextShutdownHook] INFO  o.s.c.alibaba.nacos.registry.NacosServiceRegistry - De-registering from Nacos Server now...
2021-11-18 20:19:39.009 [SpringContextShutdownHook] INFO  o.s.c.alibaba.nacos.registry.NacosServiceRegistry - De-registration finished.
2021-11-18 20:19:39.010 [SpringContextShutdownHook] INFO  o.s.scheduling.concurrent.ThreadPoolTaskExecutor - Shutting down ExecutorService 'applicationTaskExecutor'
